Start testing: Jul 16 17:01 UTC
----------------------------------------------------------
1/3 Testing: Hierarquia - Construtor Base e Derivada
1/3 Test: Hierarquia - Construtor Base e Derivada
Command: "/workspaces/Sistema-de-delivery/build/testes" "Hierarquia - Construtor Base e Derivada"
Directory: /workspaces/Sistema-de-delivery/build
"Hierarquia - Construtor Base e Derivada" start time: Jul 16 17:01 UTC
Output:
----------------------------------------------------------
Filters: "Hierarquia - Construtor Base e Derivada"
Randomness seeded to: 4136485560
[Destrutor Derivada] food destruido: Teste Comida
[Destrutor Base] product destruido: Teste Comida
===============================================================================
All tests passed (1 assertion in 1 test case)

<end of output>
Test time =   0.04 sec
----------------------------------------------------------
Test Passed.
"Hierarquia - Construtor Base e Derivada" end time: Jul 16 17:01 UTC
"Hierarquia - Construtor Base e Derivada" time elapsed: 00:00:00
----------------------------------------------------------

2/3 Testing: Polimorfismo - Calculo exato de precos dinamicos
2/3 Test: Polimorfismo - Calculo exato de precos dinamicos
Command: "/workspaces/Sistema-de-delivery/build/testes" "Polimorfismo - Calculo exato de precos dinamicos"
Directory: /workspaces/Sistema-de-delivery/build
"Polimorfismo - Calculo exato de precos dinamicos" start time: Jul 16 17:01 UTC
Output:
----------------------------------------------------------
Filters: "Polimorfismo - Calculo exato de precos dinamicos"
Randomness seeded to: 2912875421
[Destrutor Derivada] food destruido: Lanche
[Destrutor Base] product destruido: Lanche
[Destrutor Derivada] beverage destruido: Agua
[Destrutor Base] product destruido: Agua
===============================================================================
All tests passed (2 assertions in 1 test case)

<end of output>
Test time =   0.04 sec
----------------------------------------------------------
Test Passed.
"Polimorfismo - Calculo exato de precos dinamicos" end time: Jul 16 17:01 UTC
"Polimorfismo - Calculo exato de precos dinamicos" time elapsed: 00:00:00
----------------------------------------------------------

3/3 Testing: Interface Pura - Validacao de Contrato
3/3 Test: Interface Pura - Validacao de Contrato
Command: "/workspaces/Sistema-de-delivery/build/testes" "Interface Pura - Validacao de Contrato"
Directory: /workspaces/Sistema-de-delivery/build
"Interface Pura - Validacao de Contrato" start time: Jul 16 17:01 UTC
Output:
----------------------------------------------------------
Filters: "Interface Pura - Validacao de Contrato"
Randomness seeded to: 4233321303
[Destrutor Derivada] food destruido: Marmita
[Destrutor Base] product destruido: Marmita
===============================================================================
All tests passed (1 assertion in 1 test case)

<end of output>
Test time =   0.04 sec
----------------------------------------------------------
Test Passed.
"Interface Pura - Validacao de Contrato" end time: Jul 16 17:01 UTC
"Interface Pura - Validacao de Contrato" time elapsed: 00:00:00
----------------------------------------------------------

End testing: Jul 16 17:01 UTC
